<?xml version="1.0" encoding="UTF-8"?>
<!-- Generated by org.testng.reporters.JUnitReportReporter -->
<testsuite hostname="DESKTOP-SSTGA1B" failures="0" tests="1" name="Com.birla.MobileTest" time="0.002" errors="0" timestamp="2024-02-09T08:27:31 IST" skipped="0">
  <testcase classname="Com.birla.MobileTest" name="testA" time="0.002"/>
</testsuite> <!-- Com.birla.MobileTest -->
