<?xml version="1.0" encoding="UTF-8"?>
<!-- Generated by org.testng.reporters.JUnitReportReporter -->
<testsuite hostname="DESKTOP-SSTGA1B" failures="0" tests="1" name="ExtentReportsBasics.OptimisingExtentReports4" time="0.003" errors="0" timestamp="2024-02-11T11:20:39 IST" skipped="0">
  <testcase classname="ExtentReportsBasics.OptimisingExtentReports4" name="TC02CreateOrder" time="0.003"/>
</testsuite> <!-- ExtentReportsBasics.OptimisingExtentReports4 -->
