<?xml version="1.0" encoding="UTF-8"?>
<!-- Generated by org.testng.reporters.JUnitReportReporter -->
<testsuite hostname="DESKTOP-SSTGA1B" failures="0" tests="1" name="Com.birla.AndroidTest" time="0.021" errors="0" timestamp="2024-02-09T08:27:31 IST" skipped="0">
  <testcase classname="Com.birla.AndroidTest" name="testB" time="0.021"/>
</testsuite> <!-- Com.birla.AndroidTest -->
