<?xml version="1.0" encoding="UTF-8"?>
<!-- Generated by org.testng.reporters.JUnitReportReporter -->
<testsuite hostname="DESKTOP-SSTGA1B" failures="0" tests="1" name="Log4jBasics1" time="0.318" errors="0" timestamp="2024-02-11T11:50:15 IST" skipped="0">
  <testcase classname="Log4jBasics1" name="LoginTC1" time="0.318"/>
</testsuite> <!-- Log4jBasics1 -->
