<?xml version="1.0" encoding="UTF-8"?>
<!-- Generated by org.testng.reporters.JUnitReportReporter -->
<testsuite hostname="DESKTOP-SSTGA1B" failures="0" tests="3" name="ExtentReportsBasics.ExtentReports2" time="0.040" errors="0" timestamp="2024-02-11T09:22:45 IST" skipped="0">
  <testcase classname="ExtentReportsBasics.ExtentReports2" name="testA" time="0.019"/>
  <testcase classname="ExtentReportsBasics.ExtentReports2" name="testC" time="0.015"/>
  <testcase classname="ExtentReportsBasics.ExtentReports2" name="testB" time="0.006"/>
</testsuite> <!-- ExtentReportsBasics.ExtentReports2 -->
