<?xml version="1.0" encoding="UTF-8"?>
<!-- Generated by org.testng.reporters.JUnitReportReporter -->
<testsuite hostname="DESKTOP-SSTGA1B" failures="0" tests="1" name="Log4jBasics.OptimisedLog4jBasics2" time="0.048" errors="0" timestamp="2024-02-11T12:10:32 IST" skipped="0">
  <testcase classname="Log4jBasics.OptimisedLog4jBasics2" name="CreateOrder" time="0.048"/>
</testsuite> <!-- Log4jBasics.OptimisedLog4jBasics2 -->
