<?xml version="1.0" encoding="UTF-8"?>
<!-- Generated by org.testng.reporters.JUnitReportReporter -->
<testsuite hostname="DESKTOP-SSTGA1B" failures="0" tests="1" name="Log4jBasics.OptimisedLog4jBasics1" time="0.068" errors="0" timestamp="2024-02-11T12:13:05 IST" skipped="0">
  <testcase classname="Log4jBasics.OptimisedLog4jBasics1" name="LoginTC1" time="0.068"/>
</testsuite> <!-- Log4jBasics.OptimisedLog4jBasics1 -->
