<?xml version="1.0" encoding="UTF-8"?>
<!-- Generated by org.testng.reporters.JUnitReportReporter -->
<testsuite hostname="DESKTOP-SSTGA1B" failures="0" tests="1" name="Com.birla.AppTest" time="0.015" errors="0" timestamp="2024-02-25T09:18:10 IST" skipped="0">
  <testcase classname="Com.birla.AppTest" name="shouldAnswerWithTrue" time="0.015"/>
</testsuite> <!-- Com.birla.AppTest -->
